<?xml version="1.0" encoding="UTF-8"?>
<testng-results ignored="0" total="2" passed="2" failed="0" skipped="0">
  <reporter-output>
    <line>
      <![CDATA[Actual Balance = Rs.5,00,000.00]]>
    </line>
  </reporter-output>
  <suite started-at="2023-02-21T14:21:03 ICT" name="Suite" finished-at="2023-02-21T14:21:52 ICT" duration-ms="48116">
    <groups>
    </groups>
    <test started-at="2023-02-21T14:21:03 ICT" name="Test" finished-at="2023-02-21T14:21:52 ICT" duration-ms="48116">
      <class name="TestClassesNeoMav.NeoStoxTestClassWithProperty">
        <test-method is-config="true" signature="launchBrowser()[pri:0, instance:TestClassesNeoMav.NeoStoxTestClassWithProperty@35d019a3]" started-at="2023-02-21T14:21:04 ICT" name="launchBrowser" finished-at="2023-02-21T14:21:12 ICT" duration-ms="8380" status="PASS">
          <reporter-output>
          </reporter-output>
        </test-method> <!-- launchBrowser -->
        <test-method is-config="true" signature="login()[pri:0, instance:TestClassesNeoMav.NeoStoxTestClassWithProperty@35d019a3]" started-at="2023-02-21T14:21:13 ICT" name="login" finished-at="2023-02-21T14:21:26 ICT" duration-ms="13247" status="PASS">
          <reporter-output>
          </reporter-output>
        </test-method> <!-- login -->
        <test-method signature="validateBalance()[pri:0, instance:TestClassesNeoMav.NeoStoxTestClassWithProperty@35d019a3]" started-at="2023-02-21T14:21:26 ICT" name="validateBalance" finished-at="2023-02-21T14:21:26 ICT" duration-ms="200" status="PASS">
          <reporter-output>
            <line>
              <![CDATA[Actual Balance = Rs.5,00,000.00]]>
            </line>
          </reporter-output>
        </test-method> <!-- validateBalance -->
        <test-method is-config="true" signature="logoutFromApp()[pri:0, instance:TestClassesNeoMav.NeoStoxTestClassWithProperty@35d019a3]" started-at="2023-02-21T14:21:26 ICT" name="logoutFromApp" finished-at="2023-02-21T14:21:29 ICT" duration-ms="3039" status="PASS">
          <reporter-output>
          </reporter-output>
        </test-method> <!-- logoutFromApp -->
        <test-method is-config="true" signature="login()[pri:0, instance:TestClassesNeoMav.NeoStoxTestClassWithProperty@35d019a3]" started-at="2023-02-21T14:21:29 ICT" name="login" finished-at="2023-02-21T14:21:42 ICT" duration-ms="13313" status="PASS">
          <reporter-output>
          </reporter-output>
        </test-method> <!-- login -->
        <test-method signature="validateUN()[pri:0, instance:TestClassesNeoMav.NeoStoxTestClassWithProperty@35d019a3]" started-at="2023-02-21T14:21:42 ICT" name="validateUN" finished-at="2023-02-21T14:21:43 ICT" duration-ms="1032" status="PASS">
          <reporter-output>
          </reporter-output>
        </test-method> <!-- validateUN -->
        <test-method is-config="true" signature="logoutFromApp()[pri:0, instance:TestClassesNeoMav.NeoStoxTestClassWithProperty@35d019a3]" started-at="2023-02-21T14:21:43 ICT" name="logoutFromApp" finished-at="2023-02-21T14:21:51 ICT" duration-ms="7458" status="PASS">
          <reporter-output>
          </reporter-output>
        </test-method> <!-- logoutFromApp -->
        <test-method is-config="true" signature="closeBrowser()[pri:0, instance:TestClassesNeoMav.NeoStoxTestClassWithProperty@35d019a3]" started-at="2023-02-21T14:21:51 ICT" name="closeBrowser" finished-at="2023-02-21T14:21:52 ICT" duration-ms="587" status="PASS">
          <reporter-output>
          </reporter-output>
        </test-method> <!-- closeBrowser -->
      </class> <!-- TestClassesNeoMav.NeoStoxTestClassWithProperty -->
    </test> <!-- Test -->
  </suite> <!-- Suite -->
</testng-results>
